c:\users\mich1111\source\repos\rpg\rpg\debug\rpg.pch.codeanalysis
c:\users\mich1111\source\repos\rpg\rpg\debug\vc141.pdb
c:\users\mich1111\source\repos\rpg\rpg\debug\vc141.idb
c:\users\mich1111\source\repos\rpg\rpg\debug\rpg.pch.codeanalysisast
c:\users\mich1111\source\repos\rpg\rpg\debug\pch.nativecodeanalysis.xml
c:\users\mich1111\source\repos\rpg\rpg\debug\pch.obj
c:\users\mich1111\source\repos\rpg\rpg\debug\rpg.nativecodeanalysis.xml
c:\users\mich1111\source\repos\rpg\rpg\debug\room.nativecodeanalysis.xml
c:\users\mich1111\source\repos\rpg\rpg\debug\place.nativecodeanalysis.xml
c:\users\mich1111\source\repos\rpg\rpg\debug\map_randomizer.nativecodeanalysis.xml
c:\users\mich1111\source\repos\rpg\rpg\debug\game.nativecodeanalysis.xml
c:\users\mich1111\source\repos\rpg\rpg\debug\configuration.nativecodeanalysis.xml
c:\users\mich1111\source\repos\rpg\rpg\debug\character.nativecodeanalysis.xml
c:\users\mich1111\source\repos\rpg\rpg\debug\ai.nativecodeanalysis.xml
c:\users\mich1111\source\repos\rpg\rpg\debug\raytracer.nativecodeanalysis.xml
c:\users\mich1111\source\repos\rpg\rpg\debug\raytracer.obj
c:\users\mich1111\source\repos\rpg\rpg\debug\ai.obj
c:\users\mich1111\source\repos\rpg\rpg\debug\character.obj
c:\users\mich1111\source\repos\rpg\rpg\debug\configuration.obj
c:\users\mich1111\source\repos\rpg\rpg\debug\game.obj
c:\users\mich1111\source\repos\rpg\rpg\debug\map_randomizer.obj
c:\users\mich1111\source\repos\rpg\rpg\debug\place.obj
c:\users\mich1111\source\repos\rpg\rpg\debug\room.obj
c:\users\mich1111\source\repos\rpg\rpg\debug\rpg.obj
c:\users\mich1111\source\repos\rpg\debug\rpg.ilk
c:\users\mich1111\source\repos\rpg\debug\rpg.exe
c:\users\mich1111\source\repos\rpg\debug\rpg.pdb
c:\users\mich1111\source\repos\rpg\rpg\debug\nativecodeanalysis.read.1.tlog
c:\users\mich1111\source\repos\rpg\rpg\debug\vc.nativecodeanalysis.all.xml
c:\users\mich1111\source\repos\rpg\debug\rpg.exe.lastcodeanalysissucceeded
c:\users\mich1111\source\repos\rpg\rpg\debug\rpg.tlog\cl.command.1.tlog
c:\users\mich1111\source\repos\rpg\rpg\debug\rpg.tlog\cl.read.1.tlog
c:\users\mich1111\source\repos\rpg\rpg\debug\rpg.tlog\cl.write.1.tlog
c:\users\mich1111\source\repos\rpg\rpg\debug\rpg.tlog\link.command.1.tlog
c:\users\mich1111\source\repos\rpg\rpg\debug\rpg.tlog\link.read.1.tlog
c:\users\mich1111\source\repos\rpg\rpg\debug\rpg.tlog\link.write.1.tlog
