c:\users\mich1111\source\repos\rpg\rpg\x64\debug\rpg.pch
c:\users\mich1111\source\repos\rpg\rpg\x64\debug\vc141.pdb
c:\users\mich1111\source\repos\rpg\rpg\x64\debug\vc141.idb
c:\users\mich1111\source\repos\rpg\rpg\x64\debug\pch.obj
c:\users\mich1111\source\repos\rpg\rpg\x64\debug\rpg.obj
c:\users\mich1111\source\repos\rpg\rpg\x64\debug\place.obj
c:\users\mich1111\source\repos\rpg\rpg\x64\debug\map_functions.obj
c:\users\mich1111\source\repos\rpg\rpg\x64\debug\room.obj
c:\users\mich1111\source\repos\rpg\rpg\x64\debug\raytracer.obj
c:\users\mich1111\source\repos\rpg\rpg\x64\debug\node.obj
c:\users\mich1111\source\repos\rpg\rpg\x64\debug\bsp_map_gen.obj
c:\users\mich1111\source\repos\rpg\rpg\x64\debug\rng.obj
c:\users\mich1111\source\repos\rpg\rpg\x64\debug\roguelike.obj
c:\users\mich1111\source\repos\rpg\rpg\x64\debug\game.obj
c:\users\mich1111\source\repos\rpg\rpg\x64\debug\character.obj
c:\users\mich1111\source\repos\rpg\rpg\x64\debug\configuration.obj
c:\users\mich1111\source\repos\rpg\rpg\x64\debug\ai.obj
c:\users\mich1111\source\repos\rpg\x64\debug\rpg.exe
c:\users\mich1111\source\repos\rpg\x64\debug\rpg.ilk
c:\users\mich1111\source\repos\rpg\x64\debug\rpg.pdb
c:\users\mich1111\source\repos\rpg\rpg\x64\debug\rpg.tlog\cl.command.1.tlog
c:\users\mich1111\source\repos\rpg\rpg\x64\debug\rpg.tlog\cl.read.1.tlog
c:\users\mich1111\source\repos\rpg\rpg\x64\debug\rpg.tlog\cl.write.1.tlog
c:\users\mich1111\source\repos\rpg\rpg\x64\debug\rpg.tlog\link.command.1.tlog
c:\users\mich1111\source\repos\rpg\rpg\x64\debug\rpg.tlog\link.read.1.tlog
c:\users\mich1111\source\repos\rpg\rpg\x64\debug\rpg.tlog\link.write.1.tlog
